Arguments: 
  /Users/daniel.andrade/.nvm/versions/node/v18.3.0/bin/node /opt/homebrew/Cellar/yarn/1.22.19/libexec/bin/yarn.js add @psychedelic/plug-connect

PATH: 
  /opt/homebrew/opt/openssl@3/bin:/opt/homebrew/bin:/opt/homebrew/sbin:/Users/daniel.andrade/.nvm/versions/node/v18.3.0/bin:/Library/Frameworks/Python.framework/Versions/3.10/bin:/usr/local/bin:/usr/bin:/bin:/usr/sbin:/sbin:/opt/homebrew/opt/openssl@3/bin:/opt/homebrew/bin:/opt/homebrew/sbin:/Users/daniel.andrade/.nvm/versions/node/v18.3.0/bin:/Library/Frameworks/Python.framework/Versions/3.10/bin:/Users/daniel.andrade/.cargo/bin:/Users/daniel.andrade/Library/Application Support/JetBrains/Toolbox/scripts:/Users/daniel.andrade/Library/Application Support/JetBrains/Toolbox/scripts

Yarn version: 
  1.22.19

Node version: 
  18.3.0

Platform: 
  darwin arm64

Trace: 
  Error: https://registry.yarnpkg.com/@psychedelic%2fplug-connect: Not found
      at params.callback [as _callback] (/opt/homebrew/Cellar/yarn/1.22.19/libexec/lib/cli.js:66145:18)
      at self.callback (/opt/homebrew/Cellar/yarn/1.22.19/libexec/lib/cli.js:140890:22)
      at Request.emit (node:events:527:28)
      at Request.<anonymous> (/opt/homebrew/Cellar/yarn/1.22.19/libexec/lib/cli.js:141862:10)
      at Request.emit (node:events:527:28)
      at IncomingMessage.<anonymous> (/opt/homebrew/Cellar/yarn/1.22.19/libexec/lib/cli.js:141784:12)
      at Object.onceWrapper (node:events:641:28)
      at IncomingMessage.emit (node:events:539:35)
      at endReadableNT (node:internal/streams/readable:1344:12)
      at process.processTicksAndRejections (node:internal/process/task_queues:82:21)

npm manifest: 
  {
    "name": "tokentutorial_frontend",
    "version": "0.1.0",
    "description": "Internet Computer starter application",
    "keywords": [
      "Internet Computer",
      "Motoko",
      "JavaScript",
      "Canister"
    ],
    "scripts": {
      "build": "webpack",
      "prebuild": "npm run copy:types",
      "start": "webpack serve --mode development --env development",
      "prestart": "npm run copy:types",
      "copy:types": "rsync -avr .dfx/$(echo ${DFX_NETWORK:-'**'})/canisters/** --exclude='assets/' --exclude='idl/' --exclude='*.wasm' --exclude='*.most' --delete src/declarations"
    },
    "devDependencies": {
      "@dfinity/agent": "0.14.0",
      "@dfinity/candid": "0.14.0",
      "@dfinity/principal": "0.14.0",
      "assert": "2.0.0",
      "buffer": "6.0.3",
      "css-loader": "^6.7.1",
      "events": "3.3.0",
      "html-webpack-plugin": "5.5.0",
      "process": "0.11.10",
      "sass": "^1.55.0",
      "sass-loader": "^13.1.0",
      "stream-browserify": "3.0.0",
      "style-loader": "^3.3.1",
      "terser-webpack-plugin": "^5.3.3",
      "ts-loader": "^9.4.1",
      "util": "0.12.4",
      "webpack": "^5.73.0",
      "webpack-cli": "^4.10.0",
      "webpack-dev-server": "^4.8.1"
    },
    "engines": {
      "node": "^12 || ^14 || ^16 || ^18"
    },
    "browserslist": [
      "last 2 chrome version",
      "last 2 firefox version",
      "last 2 safari version",
      "last 2 edge version"
    ],
    "dependencies": {
      "@dfinity/auth-client": "^0.14.0",
      "@psychedelic/plug-connect": "^0.1.4",
      "bootstrap": "^5.2.2",
      "jquery": "^3.6.1",
      "react": "^18.2.0",
      "react-bootstrap": "^2.5.0",
      "react-dom": "^18.2.0",
      "react-router-dom": "^6.4.2",
      "recoil": "^0.7.6"
    }
  }

yarn manifest: 
  No manifest

Lockfile: 
  No lockfile
